\BOOKMARK [0][-]{chapter.1}{\376\377\000I\000n\000t\000r\000o\000d\000u\000c\000t\000i\000o\000n\000\040\000t\000o\000\040\000t\000h\000e\000\040\000A\000R\000L\000\040\000K\000M\000C\000T\000h\000i\000n\000F\000i\000l\000m\000\040\000l\000i\000b\000r\000a\000r\000y}{}% 1
\BOOKMARK [0][-]{chapter.2}{\376\377\000C\000o\000m\000p\000i\000l\000a\000t\000i\000o\000n\000\040\000a\000n\000d\000\040\000i\000n\000s\000t\000a\000l\000l\000a\000t\000i\000o\000n}{}% 2
\BOOKMARK [1][-]{section.2.1}{\376\377\000C\000o\000m\000p\000i\000l\000i\000n\000g\000\040\000a\000n\000d\000\040\000i\000n\000s\000t\000a\000l\000l\000i\000n\000g\000\040\000t\000h\000e\000\040\000l\000i\000b\000r\000a\000r\000y\000\040\000i\000t\000s\000e\000l\000f}{chapter.2}% 3
\BOOKMARK [1][-]{section.2.2}{\376\377\000C\000o\000m\000p\000i\000l\000i\000n\000g\000\040\000a\000g\000a\000i\000n\000s\000t\000\040\000t\000h\000e\000\040\000l\000i\000b\000r\000a\000r\000y}{chapter.2}% 4
\BOOKMARK [0][-]{chapter.3}{\376\377\000C\000o\000n\000c\000e\000p\000t\000s\000\040\000a\000n\000d\000\040\000a\000l\000g\000o\000r\000i\000t\000h\000m\000s}{}% 5
\BOOKMARK [1][-]{section.3.1}{\376\377\000B\000a\000s\000i\000c\000s\000\040\000o\000f\000\040\000k\000i\000n\000e\000t\000i\000c\000\040\000M\000o\000n\000t\000e\000\040\000C\000a\000r\000l\000o\000\040\000s\000i\000m\000u\000l\000a\000t\000i\000o\000n\000\040\000a\000s\000\040\000i\000m\000p\000l\000e\000m\000e\000n\000t\000e\000d\000\040\000i\000n\000\040\000t\000h\000e\000\040\000A\000R\000L\000\040\000K\000M\000C\000T\000h\000i\000n\000F\000i\000l\000m\000\040\000l\000i\000b\000r\000a\000r\000y}{chapter.3}% 6
\BOOKMARK [1][-]{section.3.2}{\376\377\000L\000a\000t\000t\000i\000c\000e\000s\000\040\000i\000n\000\040\000t\000h\000e\000\040\000A\000R\000L\000\040\000K\000M\000C\000T\000h\000i\000n\000F\000i\000l\000m\000\040\000l\000i\000b\000r\000a\000r\000y}{chapter.3}% 7
\BOOKMARK [1][-]{section.3.3}{\376\377\000P\000a\000r\000a\000l\000l\000e\000l\000\040\000a\000p\000p\000r\000o\000x\000i\000m\000a\000t\000e\000\040\000K\000i\000n\000e\000t\000i\000c\000\040\000M\000o\000n\000t\000e\000\040\000C\000a\000r\000l\000o\000\040\000a\000l\000g\000o\000r\000i\000t\000h\000m}{chapter.3}% 8
\BOOKMARK [0][-]{chapter.4}{\376\377\000I\000l\000l\000u\000s\000t\000r\000a\000t\000i\000n\000g\000\040\000t\000h\000e\000\040\000u\000s\000a\000g\000e\000\040\000o\000f\000\040\000t\000h\000e\000\040\000A\000R\000L\000\040\000K\000M\000C\000T\000h\000i\000n\000F\000i\000l\000m\000\040\000l\000i\000b\000r\000a\000r\000y\000\040\000b\000y\000\040\000e\000x\000a\000m\000p\000l\000e}{}% 9
\BOOKMARK [1][-]{section.4.1}{\376\377\000E\000x\000a\000m\000p\000l\000e\000:\000\040\000I\000m\000p\000l\000e\000m\000e\000n\000t\000a\000t\000i\000o\000n\000\040\000o\000f\000\040\000a\000\040\000`\000`\000f\000r\000a\000c\000t\000a\000l\000'\000'\000\040\000s\000o\000l\000i\000d\000-\000o\000n\000-\000s\000o\000l\000i\000d\000\040\000m\000o\000d\000e\000l}{chapter.4}% 10
\BOOKMARK [2][-]{subsection.4.1.1}{\376\377\000U\000s\000i\000n\000g\000\040\000a\000u\000t\000o\000-\000t\000r\000a\000c\000k\000i\000n\000g}{section.4.1}% 11
\BOOKMARK [3][-]{section*.2}{\376\377\000E\000x\000a\000m\000i\000n\000i\000n\000g\000\040\000t\000h\000e\000\040\000d\000r\000i\000v\000e\000r\000\040\000c\000o\000d\000e}{subsection.4.1.1}% 12
\BOOKMARK [3][-]{section*.3}{\376\377\000E\000x\000a\000m\000i\000n\000i\000n\000g\000\040\000t\000h\000e\000\040\000i\000m\000p\000l\000e\000m\000e\000n\000t\000a\000t\000i\000o\000n\000\040\000c\000o\000d\000e}{subsection.4.1.1}% 13
\BOOKMARK [3][-]{section*.4}{\376\377\000R\000e\000s\000u\000l\000t\000s}{subsection.4.1.1}% 14
\BOOKMARK [2][-]{subsection.4.1.2}{\376\377\000U\000s\000i\000n\000g\000\040\000s\000e\000m\000i\000-\000m\000a\000n\000u\000a\000l\000\040\000t\000r\000a\000c\000k\000i\000n\000g}{section.4.1}% 15
\BOOKMARK [1][-]{section.4.2}{\376\377\000E\000x\000a\000m\000p\000l\000e\000:\000\040\000P\000a\000r\000a\000l\000l\000e\000l\000i\000z\000i\000n\000g\000\040\000a\000n\000\040\000i\000m\000p\000l\000e\000m\000e\000n\000t\000a\000t\000i\000o\000n\000\040\000o\000f\000\040\000a\000\040\000`\000`\000f\000r\000a\000c\000t\000a\000l\000'\000'\000\040\000s\000o\000l\000i\000d\000-\000o\000n\000-\000s\000o\000l\000i\000d\000\040\000m\000o\000d\000e\000l}{chapter.4}% 16
\BOOKMARK [1][-]{section.4.3}{\376\377\000E\000x\000a\000m\000p\000l\000e\000:\000\040\000I\000m\000p\000l\000e\000m\000e\000n\000t\000a\000t\000i\000o\000n\000s\000\040\000o\000f\000\040\000a\000\040\000b\000a\000l\000l\000i\000s\000t\000i\000c\000\040\000d\000e\000p\000o\000s\000i\000t\000i\000o\000n\000\040\000m\000o\000d\000e\000l}{chapter.4}% 17
\BOOKMARK [2][-]{subsection.4.3.1}{\376\377\000F\000i\000r\000s\000t\000\040\000i\000m\000p\000l\000e\000m\000e\000n\000t\000a\000t\000i\000o\000n}{section.4.3}% 18
\BOOKMARK [2][-]{subsection.4.3.2}{\376\377\000S\000e\000c\000o\000n\000d\000\040\000i\000m\000p\000l\000e\000m\000e\000n\000t\000a\000t\000i\000o\000n}{section.4.3}% 19
\BOOKMARK [1][-]{section.4.4}{\376\377\000E\000x\000a\000m\000p\000l\000e\000:\000\040\000I\000m\000p\000l\000e\000m\000e\000n\000t\000a\000t\000i\000o\000n\000s\000\040\000o\000f\000\040\000a\000\040\000p\000a\000t\000t\000e\000r\000n\000e\000d\000\040\000s\000u\000b\000s\000t\000r\000a\000t\000e\000\040\000m\000o\000d\000e\000l}{chapter.4}% 20
\BOOKMARK [2][-]{subsection.4.4.1}{\376\377\000F\000i\000r\000s\000t\000\040\000i\000m\000p\000l\000e\000m\000e\000n\000t\000a\000t\000i\000o\000n}{section.4.4}% 21
\BOOKMARK [2][-]{subsection.4.4.2}{\376\377\000S\000e\000c\000o\000n\000d\000\040\000i\000m\000p\000l\000e\000m\000e\000n\000t\000a\000t\000i\000o\000n}{section.4.4}% 22
\BOOKMARK [0][-]{chapter.5}{\376\377\000N\000a\000m\000e\000s\000p\000a\000c\000e\000\040\000D\000o\000c\000u\000m\000e\000n\000t\000a\000t\000i\000o\000n}{}% 23
\BOOKMARK [1][-]{section.5.1}{\376\377\000K\000M\000C\000T\000h\000i\000n\000F\000i\000l\000m\000\040\000N\000a\000m\000e\000s\000p\000a\000c\000e\000\040\000R\000e\000f\000e\000r\000e\000n\000c\000e}{chapter.5}% 24
\BOOKMARK [2][-]{subsection.5.1.1}{\376\377\000D\000e\000t\000a\000i\000l\000e\000d\000\040\000D\000e\000s\000c\000r\000i\000p\000t\000i\000o\000n}{section.5.1}% 25
\BOOKMARK [2][-]{subsection.5.1.2}{\376\377\000T\000y\000p\000e\000d\000e\000f\000\040\000D\000o\000c\000u\000m\000e\000n\000t\000a\000t\000i\000o\000n}{section.5.1}% 26
\BOOKMARK [3][-]{section*.9}{\376\377\000C\000e\000l\000l\000C\000e\000n\000t\000e\000r\000e\000d\000G\000r\000o\000u\000p\000P\000r\000o\000p\000e\000n\000s\000i\000t\000i\000e\000s}{subsection.5.1.2}% 27
\BOOKMARK [3][-]{section*.10}{\376\377\000E\000v\000e\000n\000t\000E\000x\000e\000c\000u\000t\000o\000r\000A\000u\000t\000o\000T\000r\000a\000c\000k}{subsection.5.1.2}% 28
\BOOKMARK [3][-]{section*.11}{\376\377\000E\000v\000e\000n\000t\000E\000x\000e\000c\000u\000t\000o\000r\000S\000e\000m\000i\000M\000a\000n\000u\000a\000l\000T\000r\000a\000c\000k}{subsection.5.1.2}% 29
\BOOKMARK [3][-]{section*.12}{\376\377\000L\000a\000t\000t\000i\000c\000e\000I\000n\000i\000t\000i\000a\000l\000i\000z\000e\000r}{subsection.5.1.2}% 30
\BOOKMARK [3][-]{section*.13}{\376\377\000P\000e\000r\000i\000o\000d\000i\000c\000A\000c\000t\000i\000o\000n}{subsection.5.1.2}% 31
\BOOKMARK [3][-]{section*.14}{\376\377\000R\000a\000n\000d\000N\000u\000m\000G\000e\000n\000S\000h\000a\000r\000e\000d\000P\000t\000r}{subsection.5.1.2}% 32
\BOOKMARK [3][-]{section*.15}{\376\377\000S\000e\000t\000E\000m\000p\000t\000y\000C\000e\000l\000l\000V\000a\000l\000s}{subsection.5.1.2}% 33
\BOOKMARK [2][-]{subsection.5.1.3}{\376\377\000F\000u\000n\000c\000t\000i\000o\000n\000\040\000D\000o\000c\000u\000m\000e\000n\000t\000a\000t\000i\000o\000n}{section.5.1}% 34
\BOOKMARK [3][-]{section*.16}{\376\377\000a\000b\000o\000r\000t\000O\000n\000C\000o\000n\000d\000i\000t\000i\000o\000n\000\050\000\051}{subsection.5.1.3}% 35
\BOOKMARK [3][-]{section*.17}{\376\377\000a\000b\000o\000r\000t\000W\000i\000t\000h\000M\000s\000g\000\050\000\051}{subsection.5.1.3}% 36
\BOOKMARK [3][-]{section*.18}{\376\377\000e\000x\000i\000t\000O\000n\000C\000o\000n\000d\000i\000t\000i\000o\000n\000\050\000\051}{subsection.5.1.3}% 37
\BOOKMARK [3][-]{section*.19}{\376\377\000e\000x\000i\000t\000W\000i\000t\000h\000M\000s\000g\000\050\000\051}{subsection.5.1.3}% 38
\BOOKMARK [3][-]{section*.20}{\376\377\000o\000p\000e\000r\000a\000t\000o\000r\000+\000\050\000\051\000\040\000[\0001\000/\0002\000]}{subsection.5.1.3}% 39
\BOOKMARK [3][-]{section*.21}{\376\377\000o\000p\000e\000r\000a\000t\000o\000r\000+\000\050\000\051\000\040\000[\0002\000/\0002\000]}{subsection.5.1.3}% 40
\BOOKMARK [1][-]{section.5.2}{\376\377\000K\000M\000C\000T\000h\000i\000n\000F\000i\000l\000m\000:\000:\000S\000o\000l\000v\000e\000r\000I\000d\000\040\000N\000a\000m\000e\000s\000p\000a\000c\000e\000\040\000R\000e\000f\000e\000r\000e\000n\000c\000e}{chapter.5}% 41
\BOOKMARK [2][-]{subsection.5.2.1}{\376\377\000D\000e\000t\000a\000i\000l\000e\000d\000\040\000D\000e\000s\000c\000r\000i\000p\000t\000i\000o\000n}{section.5.2}% 42
\BOOKMARK [2][-]{subsection.5.2.2}{\376\377\000E\000n\000u\000m\000e\000r\000a\000t\000i\000o\000n\000\040\000T\000y\000p\000e\000\040\000D\000o\000c\000u\000m\000e\000n\000t\000a\000t\000i\000o\000n}{section.5.2}% 43
\BOOKMARK [3][-]{section*.23}{\376\377\000T\000y\000p\000e}{subsection.5.2.2}% 44
\BOOKMARK [1][-]{section.5.3}{\376\377\000K\000M\000C\000T\000h\000i\000n\000F\000i\000l\000m\000:\000:\000T\000i\000m\000e\000I\000n\000c\000r\000\040\000N\000a\000m\000e\000s\000p\000a\000c\000e\000\040\000R\000e\000f\000e\000r\000e\000n\000c\000e}{chapter.5}% 45
\BOOKMARK [2][-]{subsection.5.3.1}{\376\377\000D\000e\000t\000a\000i\000l\000e\000d\000\040\000D\000e\000s\000c\000r\000i\000p\000t\000i\000o\000n}{section.5.3}% 46
\BOOKMARK [1][-]{section.5.4}{\376\377\000K\000M\000C\000T\000h\000i\000n\000F\000i\000l\000m\000:\000:\000T\000i\000m\000e\000I\000n\000c\000r\000:\000:\000S\000c\000h\000e\000m\000e\000N\000a\000m\000e\000\040\000N\000a\000m\000e\000s\000p\000a\000c\000e\000\040\000R\000e\000f\000e\000r\000e\000n\000c\000e}{chapter.5}% 47
\BOOKMARK [2][-]{subsection.5.4.1}{\376\377\000D\000e\000t\000a\000i\000l\000e\000d\000\040\000D\000e\000s\000c\000r\000i\000p\000t\000i\000o\000n}{section.5.4}% 48
\BOOKMARK [2][-]{subsection.5.4.2}{\376\377\000E\000n\000u\000m\000e\000r\000a\000t\000i\000o\000n\000\040\000T\000y\000p\000e\000\040\000D\000o\000c\000u\000m\000e\000n\000t\000a\000t\000i\000o\000n}{section.5.4}% 49
\BOOKMARK [3][-]{section*.27}{\376\377\000T\000y\000p\000e}{subsection.5.4.2}% 50
\BOOKMARK [1][-]{section.5.5}{\376\377\000K\000M\000C\000T\000h\000i\000n\000F\000i\000l\000m\000:\000:\000T\000i\000m\000e\000I\000n\000c\000r\000:\000:\000S\000c\000h\000e\000m\000e\000P\000a\000r\000a\000m\000\040\000N\000a\000m\000e\000s\000p\000a\000c\000e\000\040\000R\000e\000f\000e\000r\000e\000n\000c\000e}{chapter.5}% 51
\BOOKMARK [2][-]{subsection.5.5.1}{\376\377\000D\000e\000t\000a\000i\000l\000e\000d\000\040\000D\000e\000s\000c\000r\000i\000p\000t\000i\000o\000n}{section.5.5}% 52
\BOOKMARK [2][-]{subsection.5.5.2}{\376\377\000E\000n\000u\000m\000e\000r\000a\000t\000i\000o\000n\000\040\000T\000y\000p\000e\000\040\000D\000o\000c\000u\000m\000e\000n\000t\000a\000t\000i\000o\000n}{section.5.5}% 53
\BOOKMARK [3][-]{section*.29}{\376\377\000T\000y\000p\000e}{subsection.5.5.2}% 54
\BOOKMARK [0][-]{chapter.6}{\376\377\000C\000l\000a\000s\000s\000\040\000D\000o\000c\000u\000m\000e\000n\000t\000a\000t\000i\000o\000n}{}% 55
\BOOKMARK [1][-]{section.6.1}{\376\377\000K\000M\000C\000T\000h\000i\000n\000F\000i\000l\000m\000:\000:\000A\000d\000d\000E\000m\000p\000t\000y\000P\000l\000a\000n\000e\000s\000\040\000C\000l\000a\000s\000s\000\040\000R\000e\000f\000e\000r\000e\000n\000c\000e}{chapter.6}% 56
\BOOKMARK [2][-]{subsection.6.1.1}{\376\377\000D\000e\000t\000a\000i\000l\000e\000d\000\040\000D\000e\000s\000c\000r\000i\000p\000t\000i\000o\000n}{section.6.1}% 57
\BOOKMARK [2][-]{subsection.6.1.2}{\376\377\000C\000o\000n\000s\000t\000r\000u\000c\000t\000o\000r\000\040\000\046\000\040\000D\000e\000s\000t\000r\000u\000c\000t\000o\000r\000\040\000D\000o\000c\000u\000m\000e\000n\000t\000a\000t\000i\000o\000n}{section.6.1}% 58
\BOOKMARK [3][-]{section*.31}{\376\377\000A\000d\000d\000E\000m\000p\000t\000y\000P\000l\000a\000n\000e\000s\000\050\000\051}{subsection.6.1.2}% 59
\BOOKMARK [2][-]{subsection.6.1.3}{\376\377\000M\000e\000m\000b\000e\000r\000\040\000F\000u\000n\000c\000t\000i\000o\000n\000\040\000D\000o\000c\000u\000m\000e\000n\000t\000a\000t\000i\000o\000n}{section.6.1}% 60
\BOOKMARK [3][-]{section*.32}{\376\377\000o\000p\000e\000r\000a\000t\000o\000r\000\050\000\051\000\050\000\051}{subsection.6.1.3}% 61
\BOOKMARK [1][-]{section.6.2}{\376\377\000K\000M\000C\000T\000h\000i\000n\000F\000i\000l\000m\000:\000:\000C\000e\000l\000l\000I\000n\000d\000s\000\040\000C\000l\000a\000s\000s\000\040\000R\000e\000f\000e\000r\000e\000n\000c\000e}{chapter.6}% 62
\BOOKMARK [2][-]{subsection.6.2.1}{\376\377\000D\000e\000t\000a\000i\000l\000e\000d\000\040\000D\000e\000s\000c\000r\000i\000p\000t\000i\000o\000n}{section.6.2}% 63
\BOOKMARK [2][-]{subsection.6.2.2}{\376\377\000C\000o\000n\000s\000t\000r\000u\000c\000t\000o\000r\000\040\000\046\000\040\000D\000e\000s\000t\000r\000u\000c\000t\000o\000r\000\040\000D\000o\000c\000u\000m\000e\000n\000t\000a\000t\000i\000o\000n}{section.6.2}% 64
\BOOKMARK [3][-]{section*.34}{\376\377\000C\000e\000l\000l\000I\000n\000d\000s\000\050\000\051\000\040\000[\0001\000/\0002\000]}{subsection.6.2.2}% 65
\BOOKMARK [3][-]{section*.35}{\376\377\000C\000e\000l\000l\000I\000n\000d\000s\000\050\000\051\000\040\000[\0002\000/\0002\000]}{subsection.6.2.2}% 66
\BOOKMARK [1][-]{section.6.3}{\376\377\000K\000M\000C\000T\000h\000i\000n\000F\000i\000l\000m\000:\000:\000C\000e\000l\000l\000I\000n\000d\000s\000O\000f\000f\000s\000e\000t\000\040\000C\000l\000a\000s\000s\000\040\000R\000e\000f\000e\000r\000e\000n\000c\000e}{chapter.6}% 67
\BOOKMARK [2][-]{subsection.6.3.1}{\376\377\000D\000e\000t\000a\000i\000l\000e\000d\000\040\000D\000e\000s\000c\000r\000i\000p\000t\000i\000o\000n}{section.6.3}% 68
\BOOKMARK [2][-]{subsection.6.3.2}{\376\377\000C\000o\000n\000s\000t\000r\000u\000c\000t\000o\000r\000\040\000\046\000\040\000D\000e\000s\000t\000r\000u\000c\000t\000o\000r\000\040\000D\000o\000c\000u\000m\000e\000n\000t\000a\000t\000i\000o\000n}{section.6.3}% 69
\BOOKMARK [3][-]{section*.37}{\376\377\000C\000e\000l\000l\000I\000n\000d\000s\000O\000f\000f\000s\000e\000t\000\050\000\051\000\040\000[\0001\000/\0002\000]}{subsection.6.3.2}% 70
\BOOKMARK [3][-]{section*.38}{\376\377\000C\000e\000l\000l\000I\000n\000d\000s\000O\000f\000f\000s\000e\000t\000\050\000\051\000\040\000[\0002\000/\0002\000]}{subsection.6.3.2}% 71
\BOOKMARK [2][-]{subsection.6.3.3}{\376\377\000M\000e\000m\000b\000e\000r\000\040\000F\000u\000n\000c\000t\000i\000o\000n\000\040\000D\000o\000c\000u\000m\000e\000n\000t\000a\000t\000i\000o\000n}{section.6.3}% 72
\BOOKMARK [3][-]{section*.39}{\376\377\000o\000p\000e\000r\000a\000t\000o\000r\000-\000\050\000\051}{subsection.6.3.3}% 73
\BOOKMARK [1][-]{section.6.4}{\376\377\000K\000M\000C\000T\000h\000i\000n\000F\000i\000l\000m\000:\000:\000C\000e\000l\000l\000N\000e\000i\000g\000h\000O\000f\000f\000s\000e\000t\000s\000\040\000C\000l\000a\000s\000s\000\040\000R\000e\000f\000e\000r\000e\000n\000c\000e}{chapter.6}% 74
\BOOKMARK [2][-]{subsection.6.4.1}{\376\377\000D\000e\000t\000a\000i\000l\000e\000d\000\040\000D\000e\000s\000c\000r\000i\000p\000t\000i\000o\000n}{section.6.4}% 75
\BOOKMARK [2][-]{subsection.6.4.2}{\376\377\000C\000o\000n\000s\000t\000r\000u\000c\000t\000o\000r\000\040\000\046\000\040\000D\000e\000s\000t\000r\000u\000c\000t\000o\000r\000\040\000D\000o\000c\000u\000m\000e\000n\000t\000a\000t\000i\000o\000n}{section.6.4}% 76
\BOOKMARK [3][-]{section*.41}{\376\377\000C\000e\000l\000l\000N\000e\000i\000g\000h\000O\000f\000f\000s\000e\000t\000s\000\050\000\051}{subsection.6.4.2}% 77
\BOOKMARK [2][-]{subsection.6.4.3}{\376\377\000M\000e\000m\000b\000e\000r\000\040\000F\000u\000n\000c\000t\000i\000o\000n\000\040\000D\000o\000c\000u\000m\000e\000n\000t\000a\000t\000i\000o\000n}{section.6.4}% 78
\BOOKMARK [3][-]{section*.42}{\376\377\000a\000d\000d\000O\000f\000f\000s\000e\000t\000\050\000\051}{subsection.6.4.3}% 79
\BOOKMARK [3][-]{section*.43}{\376\377\000c\000l\000e\000a\000r\000O\000f\000f\000s\000e\000t\000s\000\050\000\051}{subsection.6.4.3}% 80
\BOOKMARK [3][-]{section*.44}{\376\377\000g\000e\000t\000O\000f\000f\000s\000e\000t\000\050\000\051}{subsection.6.4.3}% 81
\BOOKMARK [3][-]{section*.45}{\376\377\000n\000u\000m\000O\000f\000f\000s\000e\000t\000s\000\050\000\051}{subsection.6.4.3}% 82
\BOOKMARK [3][-]{section*.46}{\376\377\000r\000e\000s\000e\000t\000O\000f\000f\000s\000e\000t\000s\000\050\000\051}{subsection.6.4.3}% 83
\BOOKMARK [1][-]{section.6.5}{\376\377\000K\000M\000C\000T\000h\000i\000n\000F\000i\000l\000m\000:\000:\000C\000e\000l\000l\000N\000e\000i\000g\000h\000P\000r\000o\000b\000e\000\040\000C\000l\000a\000s\000s\000\040\000R\000e\000f\000e\000r\000e\000n\000c\000e}{chapter.6}% 84
\BOOKMARK [2][-]{subsection.6.5.1}{\376\377\000D\000e\000t\000a\000i\000l\000e\000d\000\040\000D\000e\000s\000c\000r\000i\000p\000t\000i\000o\000n}{section.6.5}% 85
\BOOKMARK [2][-]{subsection.6.5.2}{\376\377\000C\000o\000n\000s\000t\000r\000u\000c\000t\000o\000r\000\040\000\046\000\040\000D\000e\000s\000t\000r\000u\000c\000t\000o\000r\000\040\000D\000o\000c\000u\000m\000e\000n\000t\000a\000t\000i\000o\000n}{section.6.5}% 86
\BOOKMARK [3][-]{section*.48}{\376\377\000C\000e\000l\000l\000N\000e\000i\000g\000h\000P\000r\000o\000b\000e\000\050\000\051}{subsection.6.5.2}% 87
\BOOKMARK [2][-]{subsection.6.5.3}{\376\377\000M\000e\000m\000b\000e\000r\000\040\000F\000u\000n\000c\000t\000i\000o\000n\000\040\000D\000o\000c\000u\000m\000e\000n\000t\000a\000t\000i\000o\000n}{section.6.5}% 88
\BOOKMARK [3][-]{section*.49}{\376\377\000a\000t\000t\000a\000c\000h\000C\000e\000l\000l\000I\000n\000d\000s\000\050\000\051}{subsection.6.5.3}% 89
\BOOKMARK [3][-]{section*.50}{\376\377\000a\000t\000t\000a\000c\000h\000L\000a\000t\000t\000i\000c\000e\000\050\000\051}{subsection.6.5.3}% 90
\BOOKMARK [3][-]{section*.51}{\376\377\000b\000e\000l\000o\000w\000L\000a\000t\000t\000i\000c\000e\000B\000o\000t\000t\000o\000m\000\050\000\051}{subsection.6.5.3}% 91
\BOOKMARK [3][-]{section*.52}{\376\377\000e\000x\000c\000e\000e\000d\000s\000L\000a\000t\000t\000i\000c\000e\000H\000e\000i\000g\000h\000t\000\050\000\051}{subsection.6.5.3}% 92
\BOOKMARK [3][-]{section*.53}{\376\377\000g\000e\000t\000C\000e\000l\000l\000T\000o\000P\000r\000o\000b\000e\000\050\000\051}{subsection.6.5.3}% 93
\BOOKMARK [3][-]{section*.54}{\376\377\000g\000e\000t\000F\000l\000o\000a\000t\000\050\000\051}{subsection.6.5.3}% 94
\BOOKMARK [3][-]{section*.55}{\376\377\000g\000e\000t\000I\000n\000t\000\050\000\051}{subsection.6.5.3}% 95
\BOOKMARK [1][-]{section.6.6}{\376\377\000K\000M\000C\000T\000h\000i\000n\000F\000i\000l\000m\000:\000:\000C\000e\000l\000l\000s\000T\000o\000C\000h\000a\000n\000g\000e\000\040\000C\000l\000a\000s\000s\000\040\000R\000e\000f\000e\000r\000e\000n\000c\000e}{chapter.6}% 96
\BOOKMARK [2][-]{subsection.6.6.1}{\376\377\000D\000e\000t\000a\000i\000l\000e\000d\000\040\000D\000e\000s\000c\000r\000i\000p\000t\000i\000o\000n}{section.6.6}% 97
\BOOKMARK [2][-]{subsection.6.6.2}{\376\377\000M\000e\000m\000b\000e\000r\000\040\000F\000u\000n\000c\000t\000i\000o\000n\000\040\000D\000o\000c\000u\000m\000e\000n\000t\000a\000t\000i\000o\000n}{section.6.6}% 98
\BOOKMARK [3][-]{section*.58}{\376\377\000a\000d\000d\000L\000a\000t\000t\000i\000c\000e\000P\000l\000a\000n\000e\000s\000\050\000\051}{subsection.6.6.2}% 99
\BOOKMARK [3][-]{section*.59}{\376\377\000g\000e\000t\000C\000e\000l\000l\000I\000n\000d\000s\000\050\000\051}{subsection.6.6.2}% 100
\BOOKMARK [3][-]{section*.60}{\376\377\000g\000e\000t\000F\000l\000o\000a\000t\000\050\000\051}{subsection.6.6.2}% 101
\BOOKMARK [3][-]{section*.61}{\376\377\000g\000e\000t\000I\000n\000t\000\050\000\051}{subsection.6.6.2}% 102
\BOOKMARK [3][-]{section*.62}{\376\377\000s\000e\000t\000C\000e\000n\000t\000e\000r\000\050\000\051}{subsection.6.6.2}% 103
\BOOKMARK [3][-]{section*.63}{\376\377\000s\000e\000t\000F\000l\000o\000a\000t\000\050\000\051}{subsection.6.6.2}% 104
\BOOKMARK [3][-]{section*.64}{\376\377\000s\000e\000t\000I\000n\000t\000\050\000\051}{subsection.6.6.2}% 105
\BOOKMARK [1][-]{section.6.7}{\376\377\000K\000M\000C\000T\000h\000i\000n\000F\000i\000l\000m\000:\000:\000C\000e\000l\000l\000T\000o\000P\000r\000o\000b\000e\000\040\000C\000l\000a\000s\000s\000\040\000R\000e\000f\000e\000r\000e\000n\000c\000e}{chapter.6}% 106
\BOOKMARK [2][-]{subsection.6.7.1}{\376\377\000D\000e\000t\000a\000i\000l\000e\000d\000\040\000D\000e\000s\000c\000r\000i\000p\000t\000i\000o\000n}{section.6.7}% 107
\BOOKMARK [2][-]{subsection.6.7.2}{\376\377\000M\000e\000m\000b\000e\000r\000\040\000F\000u\000n\000c\000t\000i\000o\000n\000\040\000D\000o\000c\000u\000m\000e\000n\000t\000a\000t\000i\000o\000n}{section.6.7}% 108
\BOOKMARK [3][-]{section*.67}{\376\377\000i\000n\000d\000s\000\050\000\051}{subsection.6.7.2}% 109
\BOOKMARK [1][-]{section.6.8}{\376\377\000K\000M\000C\000T\000h\000i\000n\000F\000i\000l\000m\000:\000:\000E\000v\000e\000n\000t\000E\000x\000e\000c\000u\000t\000o\000r\000G\000r\000o\000u\000p\000\040\000C\000l\000a\000s\000s\000\040\000R\000e\000f\000e\000r\000e\000n\000c\000e}{chapter.6}% 110
\BOOKMARK [2][-]{subsection.6.8.1}{\376\377\000D\000e\000t\000a\000i\000l\000e\000d\000\040\000D\000e\000s\000c\000r\000i\000p\000t\000i\000o\000n}{section.6.8}% 111
\BOOKMARK [2][-]{subsection.6.8.2}{\376\377\000C\000o\000n\000s\000t\000r\000u\000c\000t\000o\000r\000\040\000\046\000\040\000D\000e\000s\000t\000r\000u\000c\000t\000o\000r\000\040\000D\000o\000c\000u\000m\000e\000n\000t\000a\000t\000i\000o\000n}{section.6.8}% 112
\BOOKMARK [3][-]{section*.70}{\376\377\000E\000v\000e\000n\000t\000E\000x\000e\000c\000u\000t\000o\000r\000G\000r\000o\000u\000p\000\050\000\051}{subsection.6.8.2}% 113
\BOOKMARK [2][-]{subsection.6.8.3}{\376\377\000M\000e\000m\000b\000e\000r\000\040\000F\000u\000n\000c\000t\000i\000o\000n\000\040\000D\000o\000c\000u\000m\000e\000n\000t\000a\000t\000i\000o\000n}{section.6.8}% 114
\BOOKMARK [3][-]{section*.71}{\376\377\000a\000d\000d\000E\000v\000e\000n\000t\000E\000x\000e\000c\000u\000t\000o\000r\000\050\000\051\000\040\000[\0001\000/\0002\000]}{subsection.6.8.3}% 115
\BOOKMARK [3][-]{section*.72}{\376\377\000a\000d\000d\000E\000v\000e\000n\000t\000E\000x\000e\000c\000u\000t\000o\000r\000\050\000\051\000\040\000[\0002\000/\0002\000]}{subsection.6.8.3}% 116
\BOOKMARK [3][-]{section*.73}{\376\377\000c\000l\000e\000a\000r\000G\000r\000o\000u\000p\000\050\000\051}{subsection.6.8.3}% 117
\BOOKMARK [3][-]{section*.74}{\376\377\000n\000u\000m\000E\000v\000e\000n\000t\000E\000x\000e\000c\000u\000t\000o\000r\000s\000\050\000\051}{subsection.6.8.3}% 118
\BOOKMARK [3][-]{section*.75}{\376\377\000r\000e\000s\000e\000t\000G\000r\000o\000u\000p\000\050\000\051}{subsection.6.8.3}% 119
\BOOKMARK [1][-]{section.6.9}{\376\377\000K\000M\000C\000T\000h\000i\000n\000F\000i\000l\000m\000:\000:\000L\000a\000t\000t\000i\000c\000e\000\040\000C\000l\000a\000s\000s\000\040\000R\000e\000f\000e\000r\000e\000n\000c\000e}{chapter.6}% 120
\BOOKMARK [2][-]{subsection.6.9.1}{\376\377\000D\000e\000t\000a\000i\000l\000e\000d\000\040\000D\000e\000s\000c\000r\000i\000p\000t\000i\000o\000n}{section.6.9}% 121
\BOOKMARK [2][-]{subsection.6.9.2}{\376\377\000C\000o\000n\000s\000t\000r\000u\000c\000t\000o\000r\000\040\000\046\000\040\000D\000e\000s\000t\000r\000u\000c\000t\000o\000r\000\040\000D\000o\000c\000u\000m\000e\000n\000t\000a\000t\000i\000o\000n}{section.6.9}% 122
\BOOKMARK [3][-]{section*.78}{\376\377\000L\000a\000t\000t\000i\000c\000e\000\050\000\051}{subsection.6.9.2}% 123
\BOOKMARK [2][-]{subsection.6.9.3}{\376\377\000M\000e\000m\000b\000e\000r\000\040\000F\000u\000n\000c\000t\000i\000o\000n\000\040\000D\000o\000c\000u\000m\000e\000n\000t\000a\000t\000i\000o\000n}{section.6.9}% 124
\BOOKMARK [3][-]{section*.79}{\376\377\000a\000d\000d\000P\000l\000a\000n\000e\000s\000\050\000\051}{subsection.6.9.3}% 125
\BOOKMARK [3][-]{section*.80}{\376\377\000a\000d\000d\000T\000o\000E\000x\000p\000o\000r\000t\000B\000u\000f\000f\000e\000r\000I\000f\000N\000e\000e\000d\000e\000d\000\050\000\051}{subsection.6.9.3}% 126
\BOOKMARK [3][-]{section*.81}{\376\377\000c\000l\000e\000a\000r\000G\000h\000o\000s\000t\000s\000T\000o\000S\000e\000n\000d\000\050\000\051}{subsection.6.9.3}% 127
\BOOKMARK [3][-]{section*.82}{\376\377\000c\000o\000m\000m\000\050\000\051}{subsection.6.9.3}% 128
\BOOKMARK [3][-]{section*.83}{\376\377\000c\000o\000m\000m\000C\000o\000o\000r\000d\000\050\000\051}{subsection.6.9.3}% 129
\BOOKMARK [3][-]{section*.84}{\376\377\000c\000u\000r\000r\000H\000e\000i\000g\000h\000t\000\050\000\051}{subsection.6.9.3}% 130
\BOOKMARK [3][-]{section*.85}{\376\377\000g\000e\000t\000F\000l\000o\000a\000t\000\050\000\051}{subsection.6.9.3}% 131
\BOOKMARK [3][-]{section*.86}{\376\377\000g\000e\000t\000G\000l\000o\000b\000a\000l\000P\000l\000a\000n\000a\000r\000B\000B\000o\000x\000\050\000\051}{subsection.6.9.3}% 132
\BOOKMARK [3][-]{section*.87}{\376\377\000g\000e\000t\000I\000n\000t\000\050\000\051}{subsection.6.9.3}% 133
\BOOKMARK [3][-]{section*.88}{\376\377\000g\000e\000t\000L\000o\000c\000a\000l\000P\000l\000a\000n\000a\000r\000B\000B\000o\000x\000\050\000\051}{subsection.6.9.3}% 134
\BOOKMARK [3][-]{section*.89}{\376\377\000g\000e\000t\000R\000e\000c\000e\000i\000v\000e\000d\000G\000h\000o\000s\000t\000I\000n\000d\000s\000\050\000\051}{subsection.6.9.3}% 135
\BOOKMARK [3][-]{section*.90}{\376\377\000g\000e\000t\000R\000e\000c\000e\000i\000v\000e\000d\000L\000o\000c\000a\000l\000I\000n\000d\000s\000\050\000\051}{subsection.6.9.3}% 136
\BOOKMARK [3][-]{section*.91}{\376\377\000g\000e\000t\000S\000e\000c\000t\000o\000r\000P\000l\000a\000n\000a\000r\000B\000B\000o\000x\000\050\000\051}{subsection.6.9.3}% 137
\BOOKMARK [3][-]{section*.92}{\376\377\000g\000h\000o\000s\000t\000E\000x\000t\000e\000n\000t\000\050\000\051}{subsection.6.9.3}% 138
\BOOKMARK [3][-]{section*.93}{\376\377\000n\000F\000l\000o\000a\000t\000s\000P\000e\000r\000C\000e\000l\000l\000\050\000\051}{subsection.6.9.3}% 139
\BOOKMARK [3][-]{section*.94}{\376\377\000n\000I\000n\000t\000s\000P\000e\000r\000C\000e\000l\000l\000\050\000\051}{subsection.6.9.3}% 140
\BOOKMARK [3][-]{section*.95}{\376\377\000n\000P\000r\000o\000c\000s\000\050\000\051}{subsection.6.9.3}% 141
\BOOKMARK [3][-]{section*.96}{\376\377\000n\000u\000m\000S\000e\000c\000t\000o\000r\000s\000\050\000\051}{subsection.6.9.3}% 142
\BOOKMARK [3][-]{section*.97}{\376\377\000p\000l\000a\000n\000e\000s\000R\000e\000s\000e\000r\000v\000e\000d\000\050\000\051}{subsection.6.9.3}% 143
\BOOKMARK [3][-]{section*.98}{\376\377\000p\000r\000o\000c\000I\000D\000\050\000\051}{subsection.6.9.3}% 144
\BOOKMARK [3][-]{section*.99}{\376\377\000p\000r\000o\000c\000P\000e\000r\000D\000i\000m\000\050\000\051}{subsection.6.9.3}% 145
\BOOKMARK [3][-]{section*.100}{\376\377\000r\000e\000c\000v\000G\000h\000o\000s\000t\000s\000\050\000\051}{subsection.6.9.3}% 146
\BOOKMARK [3][-]{section*.101}{\376\377\000r\000e\000c\000v\000G\000h\000o\000s\000t\000s\000U\000p\000d\000a\000t\000e\000\050\000\051}{subsection.6.9.3}% 147
\BOOKMARK [3][-]{section*.102}{\376\377\000r\000e\000s\000e\000r\000v\000e\000P\000l\000a\000n\000e\000s\000\050\000\051}{subsection.6.9.3}% 148
\BOOKMARK [3][-]{section*.103}{\376\377\000s\000e\000c\000t\000o\000r\000O\000f\000I\000n\000d\000i\000c\000e\000s\000\050\000\051}{subsection.6.9.3}% 149
\BOOKMARK [3][-]{section*.104}{\376\377\000s\000e\000n\000d\000G\000h\000o\000s\000t\000s\000\050\000\051}{subsection.6.9.3}% 150
\BOOKMARK [3][-]{section*.105}{\376\377\000s\000e\000n\000d\000G\000h\000o\000s\000t\000s\000U\000p\000d\000a\000t\000e\000\050\000\051}{subsection.6.9.3}% 151
\BOOKMARK [3][-]{section*.106}{\376\377\000s\000e\000t\000F\000l\000o\000a\000t\000\050\000\051}{subsection.6.9.3}% 152
\BOOKMARK [3][-]{section*.107}{\376\377\000s\000e\000t\000I\000n\000t\000\050\000\051}{subsection.6.9.3}% 153
\BOOKMARK [3][-]{section*.108}{\376\377\000w\000r\000a\000p\000I\000\050\000\051}{subsection.6.9.3}% 154
\BOOKMARK [3][-]{section*.109}{\376\377\000w\000r\000a\000p\000J\000\050\000\051}{subsection.6.9.3}% 155
\BOOKMARK [1][-]{section.6.10}{\376\377\000K\000M\000C\000T\000h\000i\000n\000F\000i\000l\000m\000:\000:\000L\000a\000t\000t\000i\000c\000e\000P\000a\000r\000a\000m\000s\000\040\000S\000t\000r\000u\000c\000t\000\040\000R\000e\000f\000e\000r\000e\000n\000c\000e}{chapter.6}% 156
\BOOKMARK [2][-]{subsection.6.10.1}{\376\377\000D\000e\000t\000a\000i\000l\000e\000d\000\040\000D\000e\000s\000c\000r\000i\000p\000t\000i\000o\000n}{section.6.10}% 157
\BOOKMARK [2][-]{subsection.6.10.2}{\376\377\000M\000e\000m\000b\000e\000r\000\040\000E\000n\000u\000m\000e\000r\000a\000t\000i\000o\000n\000\040\000D\000o\000c\000u\000m\000e\000n\000t\000a\000t\000i\000o\000n}{section.6.10}% 158
\BOOKMARK [3][-]{section*.112}{\376\377\000P\000a\000r\000a\000l\000l\000e\000l\000D\000e\000c\000o\000m\000p}{subsection.6.10.2}% 159
\BOOKMARK [2][-]{subsection.6.10.3}{\376\377\000M\000e\000m\000b\000e\000r\000\040\000D\000a\000t\000a\000\040\000D\000o\000c\000u\000m\000e\000n\000t\000a\000t\000i\000o\000n}{section.6.10}% 160
\BOOKMARK [3][-]{section*.113}{\376\377\000g\000h\000o\000s\000t\000E\000x\000t\000e\000n\000t}{subsection.6.10.3}% 161
\BOOKMARK [3][-]{section*.114}{\376\377\000g\000l\000o\000b\000a\000l\000P\000l\000a\000n\000a\000r\000D\000i\000m\000s}{subsection.6.10.3}% 162
\BOOKMARK [3][-]{section*.115}{\376\377\000l\000a\000t\000I\000n\000i\000t}{subsection.6.10.3}% 163
\BOOKMARK [3][-]{section*.116}{\376\377\000l\000a\000t\000t\000i\000c\000e\000C\000o\000m\000m\000I\000n\000i\000t\000i\000a\000l}{subsection.6.10.3}% 164
\BOOKMARK [3][-]{section*.117}{\376\377\000n\000o\000A\000d\000d\000i\000n\000g\000P\000l\000a\000n\000e\000s\000D\000u\000r\000i\000n\000g\000S\000i\000m\000u\000l\000a\000t\000i\000o\000n}{subsection.6.10.3}% 165
\BOOKMARK [3][-]{section*.118}{\376\377\000n\000u\000m\000F\000l\000o\000a\000t\000s\000P\000e\000r\000C\000e\000l\000l}{subsection.6.10.3}% 166
\BOOKMARK [3][-]{section*.119}{\376\377\000n\000u\000m\000I\000n\000t\000s\000P\000e\000r\000C\000e\000l\000l}{subsection.6.10.3}% 167
\BOOKMARK [3][-]{section*.120}{\376\377\000n\000u\000m\000P\000l\000a\000n\000e\000s\000T\000o\000R\000e\000s\000e\000r\000v\000e}{subsection.6.10.3}% 168
\BOOKMARK [3][-]{section*.121}{\376\377\000p\000a\000r\000a\000l\000l\000e\000l\000D\000e\000c\000o\000m\000p}{subsection.6.10.3}% 169
\BOOKMARK [3][-]{section*.122}{\376\377\000s\000e\000t\000E\000m\000p\000t\000y\000C\000e\000l\000l\000V\000a\000l\000s}{subsection.6.10.3}% 170
\BOOKMARK [1][-]{section.6.11}{\376\377\000K\000M\000C\000T\000h\000i\000n\000F\000i\000l\000m\000:\000:\000L\000a\000t\000t\000i\000c\000e\000P\000l\000a\000n\000a\000r\000B\000B\000o\000x\000\040\000S\000t\000r\000u\000c\000t\000\040\000R\000e\000f\000e\000r\000e\000n\000c\000e}{chapter.6}% 171
\BOOKMARK [2][-]{subsection.6.11.1}{\376\377\000D\000e\000t\000a\000i\000l\000e\000d\000\040\000D\000e\000s\000c\000r\000i\000p\000t\000i\000o\000n}{section.6.11}% 172
\BOOKMARK [2][-]{subsection.6.11.2}{\376\377\000M\000e\000m\000b\000e\000r\000\040\000D\000a\000t\000a\000\040\000D\000o\000c\000u\000m\000e\000n\000t\000a\000t\000i\000o\000n}{section.6.11}% 173
\BOOKMARK [3][-]{section*.124}{\376\377\000i\000m\000a\000x\000P\0001}{subsection.6.11.2}% 174
\BOOKMARK [3][-]{section*.125}{\376\377\000i\000m\000i\000n}{subsection.6.11.2}% 175
\BOOKMARK [3][-]{section*.126}{\376\377\000j\000m\000a\000x\000P\0001}{subsection.6.11.2}% 176
\BOOKMARK [3][-]{section*.127}{\376\377\000j\000m\000i\000n}{subsection.6.11.2}% 177
\BOOKMARK [1][-]{section.6.12}{\376\377\000K\000M\000C\000T\000h\000i\000n\000F\000i\000l\000m\000:\000:\000R\000a\000n\000d\000N\000u\000m\000G\000e\000n\000\040\000C\000l\000a\000s\000s\000\040\000R\000e\000f\000e\000r\000e\000n\000c\000e}{chapter.6}% 178
\BOOKMARK [2][-]{subsection.6.12.1}{\376\377\000D\000e\000t\000a\000i\000l\000e\000d\000\040\000D\000e\000s\000c\000r\000i\000p\000t\000i\000o\000n}{section.6.12}% 179
\BOOKMARK [2][-]{subsection.6.12.2}{\376\377\000M\000e\000m\000b\000e\000r\000\040\000F\000u\000n\000c\000t\000i\000o\000n\000\040\000D\000o\000c\000u\000m\000e\000n\000t\000a\000t\000i\000o\000n}{section.6.12}% 180
\BOOKMARK [3][-]{section*.129}{\376\377\000g\000e\000t\000N\000u\000m\000I\000n\000O\000p\000e\000n\000I\000n\000t\000e\000r\000v\000a\000l\000F\000r\000o\000m\0000\000T\000o\0001\000\050\000\051}{subsection.6.12.2}% 181
\BOOKMARK [1][-]{section.6.13}{\376\377\000K\000M\000C\000T\000h\000i\000n\000F\000i\000l\000m\000:\000:\000R\000a\000n\000d\000N\000u\000m\000G\000e\000n\000D\000C\000M\000T\000\040\000C\000l\000a\000s\000s\000\040\000R\000e\000f\000e\000r\000e\000n\000c\000e}{chapter.6}% 182
\BOOKMARK [2][-]{subsection.6.13.1}{\376\377\000D\000e\000t\000a\000i\000l\000e\000d\000\040\000D\000e\000s\000c\000r\000i\000p\000t\000i\000o\000n}{section.6.13}% 183
\BOOKMARK [2][-]{subsection.6.13.2}{\376\377\000M\000e\000m\000b\000e\000r\000\040\000E\000n\000u\000m\000e\000r\000a\000t\000i\000o\000n\000\040\000D\000o\000c\000u\000m\000e\000n\000t\000a\000t\000i\000o\000n}{section.6.13}% 184
\BOOKMARK [3][-]{section*.132}{\376\377\000P\000e\000r\000i\000o\000d}{subsection.6.13.2}% 185
\BOOKMARK [2][-]{subsection.6.13.3}{\376\377\000C\000o\000n\000s\000t\000r\000u\000c\000t\000o\000r\000\040\000\046\000\040\000D\000e\000s\000t\000r\000u\000c\000t\000o\000r\000\040\000D\000o\000c\000u\000m\000e\000n\000t\000a\000t\000i\000o\000n}{section.6.13}% 186
\BOOKMARK [3][-]{section*.133}{\376\377\000R\000a\000n\000d\000N\000u\000m\000G\000e\000n\000D\000C\000M\000T\000\050\000\051}{subsection.6.13.3}% 187
\BOOKMARK [2][-]{subsection.6.13.4}{\376\377\000M\000e\000m\000b\000e\000r\000\040\000F\000u\000n\000c\000t\000i\000o\000n\000\040\000D\000o\000c\000u\000m\000e\000n\000t\000a\000t\000i\000o\000n}{section.6.13}% 188
\BOOKMARK [3][-]{section*.134}{\376\377\000g\000e\000t\000N\000u\000m\000I\000n\000O\000p\000e\000n\000I\000n\000t\000e\000r\000v\000a\000l\000F\000r\000o\000m\0000\000T\000o\0001\000\050\000\051}{subsection.6.13.4}% 189
\BOOKMARK [1][-]{section.6.14}{\376\377\000K\000M\000C\000T\000h\000i\000n\000F\000i\000l\000m\000:\000:\000R\000a\000n\000d\000N\000u\000m\000G\000e\000n\000M\000T\0001\0009\0009\0003\0007\000\040\000C\000l\000a\000s\000s\000\040\000R\000e\000f\000e\000r\000e\000n\000c\000e}{chapter.6}% 190
\BOOKMARK [2][-]{subsection.6.14.1}{\376\377\000D\000e\000t\000a\000i\000l\000e\000d\000\040\000D\000e\000s\000c\000r\000i\000p\000t\000i\000o\000n}{section.6.14}% 191
\BOOKMARK [2][-]{subsection.6.14.2}{\376\377\000C\000o\000n\000s\000t\000r\000u\000c\000t\000o\000r\000\040\000\046\000\040\000D\000e\000s\000t\000r\000u\000c\000t\000o\000r\000\040\000D\000o\000c\000u\000m\000e\000n\000t\000a\000t\000i\000o\000n}{section.6.14}% 192
\BOOKMARK [3][-]{section*.136}{\376\377\000R\000a\000n\000d\000N\000u\000m\000G\000e\000n\000M\000T\0001\0009\0009\0003\0007\000\050\000\051}{subsection.6.14.2}% 193
\BOOKMARK [2][-]{subsection.6.14.3}{\376\377\000M\000e\000m\000b\000e\000r\000\040\000F\000u\000n\000c\000t\000i\000o\000n\000\040\000D\000o\000c\000u\000m\000e\000n\000t\000a\000t\000i\000o\000n}{section.6.14}% 194
\BOOKMARK [3][-]{section*.137}{\376\377\000g\000e\000t\000N\000u\000m\000I\000n\000O\000p\000e\000n\000I\000n\000t\000e\000r\000v\000a\000l\000F\000r\000o\000m\0000\000T\000o\0001\000\050\000\051}{subsection.6.14.3}% 195
\BOOKMARK [1][-]{section.6.15}{\376\377\000K\000M\000C\000T\000h\000i\000n\000F\000i\000l\000m\000:\000:\000R\000a\000n\000d\000N\000u\000m\000G\000e\000n\000R\000n\000g\000S\000t\000r\000e\000a\000m\000s\000\040\000C\000l\000a\000s\000s\000\040\000R\000e\000f\000e\000r\000e\000n\000c\000e}{chapter.6}% 196
\BOOKMARK [2][-]{subsection.6.15.1}{\376\377\000D\000e\000t\000a\000i\000l\000e\000d\000\040\000D\000e\000s\000c\000r\000i\000p\000t\000i\000o\000n}{section.6.15}% 197
\BOOKMARK [2][-]{subsection.6.15.2}{\376\377\000C\000o\000n\000s\000t\000r\000u\000c\000t\000o\000r\000\040\000\046\000\040\000D\000e\000s\000t\000r\000u\000c\000t\000o\000r\000\040\000D\000o\000c\000u\000m\000e\000n\000t\000a\000t\000i\000o\000n}{section.6.15}% 198
\BOOKMARK [3][-]{section*.139}{\376\377\000R\000a\000n\000d\000N\000u\000m\000G\000e\000n\000R\000n\000g\000S\000t\000r\000e\000a\000m\000s\000\050\000\051}{subsection.6.15.2}% 199
\BOOKMARK [2][-]{subsection.6.15.3}{\376\377\000M\000e\000m\000b\000e\000r\000\040\000F\000u\000n\000c\000t\000i\000o\000n\000\040\000D\000o\000c\000u\000m\000e\000n\000t\000a\000t\000i\000o\000n}{section.6.15}% 200
\BOOKMARK [3][-]{section*.140}{\376\377\000g\000e\000t\000N\000u\000m\000I\000n\000O\000p\000e\000n\000I\000n\000t\000e\000r\000v\000a\000l\000F\000r\000o\000m\0000\000T\000o\0001\000\050\000\051}{subsection.6.15.3}% 201
\BOOKMARK [1][-]{section.6.16}{\376\377\000K\000M\000C\000T\000h\000i\000n\000F\000i\000l\000m\000:\000:\000T\000i\000m\000e\000I\000n\000c\000r\000:\000:\000S\000c\000h\000e\000m\000e\000V\000a\000r\000s\000\040\000C\000l\000a\000s\000s\000\040\000R\000e\000f\000e\000r\000e\000n\000c\000e}{chapter.6}% 202
\BOOKMARK [2][-]{subsection.6.16.1}{\376\377\000D\000e\000t\000a\000i\000l\000e\000d\000\040\000D\000e\000s\000c\000r\000i\000p\000t\000i\000o\000n}{section.6.16}% 203
\BOOKMARK [2][-]{subsection.6.16.2}{\376\377\000M\000e\000m\000b\000e\000r\000\040\000F\000u\000n\000c\000t\000i\000o\000n\000\040\000D\000o\000c\000u\000m\000e\000n\000t\000a\000t\000i\000o\000n}{section.6.16}% 204
\BOOKMARK [3][-]{section*.142}{\376\377\000g\000e\000t\000S\000c\000h\000e\000m\000e\000N\000a\000m\000e\000\050\000\051}{subsection.6.16.2}% 205
\BOOKMARK [3][-]{section*.143}{\376\377\000g\000e\000t\000S\000c\000h\000e\000m\000e\000P\000a\000r\000a\000m\000I\000f\000A\000v\000a\000i\000l\000a\000b\000l\000e\000\050\000\051}{subsection.6.16.2}% 206
\BOOKMARK [3][-]{section*.144}{\376\377\000g\000e\000t\000S\000c\000h\000e\000m\000e\000P\000a\000r\000a\000m\000O\000r\000D\000i\000e\000\050\000\051}{subsection.6.16.2}% 207
\BOOKMARK [3][-]{section*.145}{\376\377\000g\000e\000t\000S\000c\000h\000e\000m\000e\000P\000a\000r\000a\000m\000O\000r\000R\000e\000t\000u\000r\000n\000D\000e\000f\000a\000u\000l\000t\000V\000a\000l\000\050\000\051}{subsection.6.16.2}% 208
\BOOKMARK [3][-]{section*.146}{\376\377\000s\000e\000t\000S\000c\000h\000e\000m\000e\000N\000a\000m\000e\000\050\000\051}{subsection.6.16.2}% 209
\BOOKMARK [3][-]{section*.147}{\376\377\000s\000e\000t\000S\000c\000h\000e\000m\000e\000P\000a\000r\000a\000m\000\050\000\051}{subsection.6.16.2}% 210
\BOOKMARK [1][-]{section.6.17}{\376\377\000K\000M\000C\000T\000h\000i\000n\000F\000i\000l\000m\000:\000:\000S\000i\000m\000u\000l\000a\000t\000i\000o\000n\000\040\000C\000l\000a\000s\000s\000\040\000R\000e\000f\000e\000r\000e\000n\000c\000e}{chapter.6}% 211
\BOOKMARK [2][-]{subsection.6.17.1}{\376\377\000D\000e\000t\000a\000i\000l\000e\000d\000\040\000D\000e\000s\000c\000r\000i\000p\000t\000i\000o\000n}{section.6.17}% 212
\BOOKMARK [2][-]{subsection.6.17.2}{\376\377\000C\000o\000n\000s\000t\000r\000u\000c\000t\000o\000r\000\040\000\046\000\040\000D\000e\000s\000t\000r\000u\000c\000t\000o\000r\000\040\000D\000o\000c\000u\000m\000e\000n\000t\000a\000t\000i\000o\000n}{section.6.17}% 213
\BOOKMARK [3][-]{section*.149}{\376\377\000S\000i\000m\000u\000l\000a\000t\000i\000o\000n\000\050\000\051}{subsection.6.17.2}% 214
\BOOKMARK [2][-]{subsection.6.17.3}{\376\377\000M\000e\000m\000b\000e\000r\000\040\000F\000u\000n\000c\000t\000i\000o\000n\000\040\000D\000o\000c\000u\000m\000e\000n\000t\000a\000t\000i\000o\000n}{section.6.17}% 215
\BOOKMARK [3][-]{section*.150}{\376\377\000a\000d\000d\000C\000e\000l\000l\000C\000e\000n\000t\000e\000r\000e\000d\000E\000v\000e\000n\000t\000G\000r\000o\000u\000p\000\050\000\051}{subsection.6.17.3}% 216
\BOOKMARK [3][-]{section*.151}{\376\377\000a\000d\000d\000O\000v\000e\000r\000L\000a\000t\000t\000i\000c\000e\000E\000v\000e\000n\000t\000\050\000\051\000\040\000[\0001\000/\0002\000]}{subsection.6.17.3}% 217
\BOOKMARK [3][-]{section*.152}{\376\377\000a\000d\000d\000O\000v\000e\000r\000L\000a\000t\000t\000i\000c\000e\000E\000v\000e\000n\000t\000\050\000\051\000\040\000[\0002\000/\0002\000]}{subsection.6.17.3}% 218
\BOOKMARK [3][-]{section*.153}{\376\377\000a\000d\000d\000S\000t\000e\000p\000P\000e\000r\000i\000o\000d\000i\000c\000A\000c\000t\000i\000o\000n\000\050\000\051}{subsection.6.17.3}% 219
\BOOKMARK [3][-]{section*.154}{\376\377\000a\000d\000d\000T\000i\000m\000e\000P\000e\000r\000i\000o\000d\000i\000c\000A\000c\000t\000i\000o\000n\000\050\000\051}{subsection.6.17.3}% 220
\BOOKMARK [3][-]{section*.155}{\376\377\000c\000h\000a\000n\000g\000e\000C\000e\000l\000l\000C\000e\000n\000t\000e\000r\000e\000d\000E\000v\000e\000n\000t\000G\000r\000o\000u\000p\000\050\000\051}{subsection.6.17.3}% 221
\BOOKMARK [3][-]{section*.156}{\376\377\000c\000h\000a\000n\000g\000e\000O\000v\000e\000r\000L\000a\000t\000t\000i\000c\000e\000E\000v\000e\000n\000t\000\050\000\051\000\040\000[\0001\000/\0002\000]}{subsection.6.17.3}% 222
\BOOKMARK [3][-]{section*.157}{\376\377\000c\000h\000a\000n\000g\000e\000O\000v\000e\000r\000L\000a\000t\000t\000i\000c\000e\000E\000v\000e\000n\000t\000\050\000\051\000\040\000[\0002\000/\0002\000]}{subsection.6.17.3}% 223
\BOOKMARK [3][-]{section*.158}{\376\377\000c\000h\000a\000n\000g\000e\000S\000t\000e\000p\000P\000e\000r\000i\000o\000d\000i\000c\000A\000c\000t\000i\000o\000n\000\050\000\051}{subsection.6.17.3}% 224
\BOOKMARK [3][-]{section*.159}{\376\377\000c\000h\000a\000n\000g\000e\000T\000i\000m\000e\000P\000e\000r\000i\000o\000d\000i\000c\000A\000c\000t\000i\000o\000n\000\050\000\051}{subsection.6.17.3}% 225
\BOOKMARK [3][-]{section*.160}{\376\377\000c\000o\000m\000m\000\050\000\051}{subsection.6.17.3}% 226
\BOOKMARK [3][-]{section*.161}{\376\377\000c\000o\000m\000m\000C\000o\000o\000r\000d\000\050\000\051}{subsection.6.17.3}% 227
\BOOKMARK [3][-]{section*.162}{\376\377\000e\000l\000a\000p\000s\000e\000d\000T\000i\000m\000e\000\050\000\051}{subsection.6.17.3}% 228
\BOOKMARK [3][-]{section*.163}{\376\377\000g\000e\000t\000L\000a\000t\000t\000i\000c\000e\000G\000l\000o\000b\000a\000l\000P\000l\000a\000n\000a\000r\000B\000B\000o\000x\000\050\000\051}{subsection.6.17.3}% 229
\BOOKMARK [3][-]{section*.164}{\376\377\000g\000e\000t\000L\000a\000t\000t\000i\000c\000e\000L\000o\000c\000a\000l\000P\000l\000a\000n\000a\000r\000B\000B\000o\000x\000\050\000\051}{subsection.6.17.3}% 230
\BOOKMARK [3][-]{section*.165}{\376\377\000g\000e\000t\000L\000a\000t\000t\000i\000c\000e\000S\000e\000c\000t\000o\000r\000P\000l\000a\000n\000a\000r\000B\000B\000o\000x\000\050\000\051}{subsection.6.17.3}% 231
\BOOKMARK [3][-]{section*.166}{\376\377\000n\000P\000r\000o\000c\000s\000\050\000\051}{subsection.6.17.3}% 232
\BOOKMARK [3][-]{section*.167}{\376\377\000n\000u\000m\000G\000l\000o\000b\000a\000l\000S\000t\000e\000p\000s\000\050\000\051}{subsection.6.17.3}% 233
\BOOKMARK [3][-]{section*.168}{\376\377\000n\000u\000m\000L\000o\000c\000a\000l\000E\000v\000e\000n\000t\000s\000\050\000\051}{subsection.6.17.3}% 234
\BOOKMARK [3][-]{section*.169}{\376\377\000p\000r\000o\000c\000I\000D\000\050\000\051}{subsection.6.17.3}% 235
\BOOKMARK [3][-]{section*.170}{\376\377\000p\000r\000o\000c\000P\000e\000r\000D\000i\000m\000\050\000\051}{subsection.6.17.3}% 236
\BOOKMARK [3][-]{section*.171}{\376\377\000r\000e\000m\000o\000v\000e\000C\000e\000l\000l\000C\000e\000n\000t\000e\000r\000e\000d\000E\000v\000e\000n\000t\000G\000r\000o\000u\000p\000\050\000\051}{subsection.6.17.3}% 237
\BOOKMARK [3][-]{section*.172}{\376\377\000r\000e\000m\000o\000v\000e\000O\000v\000e\000r\000L\000a\000t\000t\000i\000c\000e\000E\000v\000e\000n\000t\000\050\000\051}{subsection.6.17.3}% 238
\BOOKMARK [3][-]{section*.173}{\376\377\000r\000e\000m\000o\000v\000e\000S\000t\000e\000p\000P\000e\000r\000i\000o\000d\000i\000c\000A\000c\000t\000i\000o\000n\000\050\000\051}{subsection.6.17.3}% 239
\BOOKMARK [3][-]{section*.174}{\376\377\000r\000e\000m\000o\000v\000e\000T\000i\000m\000e\000P\000e\000r\000i\000o\000d\000i\000c\000A\000c\000t\000i\000o\000n\000\050\000\051}{subsection.6.17.3}% 240
\BOOKMARK [3][-]{section*.175}{\376\377\000r\000e\000s\000e\000r\000v\000e\000C\000e\000l\000l\000C\000e\000n\000t\000e\000r\000e\000d\000E\000v\000e\000n\000t\000G\000r\000o\000u\000p\000s\000\050\000\051}{subsection.6.17.3}% 241
\BOOKMARK [3][-]{section*.176}{\376\377\000r\000e\000s\000e\000r\000v\000e\000O\000v\000e\000r\000L\000a\000t\000t\000i\000c\000e\000E\000v\000e\000n\000t\000s\000\050\000\051}{subsection.6.17.3}% 242
\BOOKMARK [3][-]{section*.177}{\376\377\000r\000e\000s\000e\000r\000v\000e\000S\000t\000e\000p\000P\000e\000r\000i\000o\000d\000i\000c\000A\000c\000t\000i\000o\000n\000s\000\050\000\051}{subsection.6.17.3}% 243
\BOOKMARK [3][-]{section*.178}{\376\377\000r\000e\000s\000e\000r\000v\000e\000T\000i\000m\000e\000P\000e\000r\000i\000o\000d\000i\000c\000A\000c\000t\000i\000o\000n\000s\000\050\000\051}{subsection.6.17.3}% 244
\BOOKMARK [3][-]{section*.179}{\376\377\000r\000u\000n\000\050\000\051}{subsection.6.17.3}% 245
\BOOKMARK [3][-]{section*.180}{\376\377\000s\000e\000t\000R\000N\000G\000\050\000\051}{subsection.6.17.3}% 246
\BOOKMARK [3][-]{section*.181}{\376\377\000s\000e\000t\000S\000o\000l\000v\000e\000r\000\050\000\051}{subsection.6.17.3}% 247
\BOOKMARK [3][-]{section*.182}{\376\377\000s\000e\000t\000T\000i\000m\000e\000I\000n\000c\000r\000S\000c\000h\000e\000m\000e\000\050\000\051}{subsection.6.17.3}% 248
\BOOKMARK [3][-]{section*.183}{\376\377\000t\000r\000a\000c\000k\000C\000e\000l\000l\000s\000C\000h\000a\000n\000g\000e\000d\000B\000y\000P\000e\000r\000i\000o\000d\000i\000c\000A\000c\000t\000i\000o\000n\000s\000\050\000\051}{subsection.6.17.3}% 249
\BOOKMARK [1][-]{section.6.18}{\376\377\000K\000M\000C\000T\000h\000i\000n\000F\000i\000l\000m\000:\000:\000S\000i\000m\000u\000l\000a\000t\000i\000o\000n\000S\000t\000a\000t\000e\000\040\000C\000l\000a\000s\000s\000\040\000R\000e\000f\000e\000r\000e\000n\000c\000e}{chapter.6}% 250
\BOOKMARK [2][-]{subsection.6.18.1}{\376\377\000D\000e\000t\000a\000i\000l\000e\000d\000\040\000D\000e\000s\000c\000r\000i\000p\000t\000i\000o\000n}{section.6.18}% 251
\BOOKMARK [2][-]{subsection.6.18.2}{\376\377\000M\000e\000m\000b\000e\000r\000\040\000F\000u\000n\000c\000t\000i\000o\000n\000\040\000D\000o\000c\000u\000m\000e\000n\000t\000a\000t\000i\000o\000n}{section.6.18}% 252
\BOOKMARK [3][-]{section*.186}{\376\377\000e\000l\000a\000p\000s\000e\000d\000T\000i\000m\000e\000\050\000\051}{subsection.6.18.2}% 253
\BOOKMARK [3][-]{section*.187}{\376\377\000g\000l\000o\000b\000a\000l\000T\000i\000m\000e\000I\000n\000c\000r\000e\000m\000e\000n\000t\000\050\000\051}{subsection.6.18.2}% 254
\BOOKMARK [3][-]{section*.188}{\376\377\000m\000a\000x\000T\000i\000m\000e\000\050\000\051}{subsection.6.18.2}% 255
\BOOKMARK [3][-]{section*.189}{\376\377\000n\000u\000m\000G\000l\000o\000b\000a\000l\000S\000t\000e\000p\000s\000\050\000\051}{subsection.6.18.2}% 256
\BOOKMARK [3][-]{section*.190}{\376\377\000n\000u\000m\000L\000o\000c\000a\000l\000E\000v\000e\000n\000t\000s\000\050\000\051}{subsection.6.18.2}% 257
\BOOKMARK [0][-]{chapter.7}{\376\377\000F\000i\000l\000e\000\040\000D\000o\000c\000u\000m\000e\000n\000t\000a\000t\000i\000o\000n}{}% 258
\BOOKMARK [1][-]{section.7.1}{\376\377\000C\000e\000l\000l\000C\000e\000n\000t\000e\000r\000e\000d\000G\000r\000o\000u\000p\000P\000r\000o\000p\000e\000n\000s\000i\000t\000i\000e\000s\000.\000h\000p\000p\000\040\000F\000i\000l\000e\000\040\000R\000e\000f\000e\000r\000e\000n\000c\000e}{chapter.7}% 259
\BOOKMARK [2][-]{subsection.7.1.1}{\376\377\000D\000e\000t\000a\000i\000l\000e\000d\000\040\000D\000e\000s\000c\000r\000i\000p\000t\000i\000o\000n}{section.7.1}% 260
\BOOKMARK [1][-]{section.7.2}{\376\377\000C\000e\000l\000l\000C\000e\000n\000t\000e\000r\000e\000d\000G\000r\000o\000u\000p\000P\000r\000o\000p\000e\000n\000s\000i\000t\000i\000e\000s\000.\000h\000p\000p}{chapter.7}% 261
\BOOKMARK [1][-]{section.7.3}{\376\377\000C\000e\000l\000l\000I\000n\000d\000s\000.\000h\000p\000p\000\040\000F\000i\000l\000e\000\040\000R\000e\000f\000e\000r\000e\000n\000c\000e}{chapter.7}% 262
\BOOKMARK [2][-]{subsection.7.3.1}{\376\377\000D\000e\000t\000a\000i\000l\000e\000d\000\040\000D\000e\000s\000c\000r\000i\000p\000t\000i\000o\000n}{section.7.3}% 263
\BOOKMARK [1][-]{section.7.4}{\376\377\000C\000e\000l\000l\000I\000n\000d\000s\000.\000h\000p\000p}{chapter.7}% 264
\BOOKMARK [1][-]{section.7.5}{\376\377\000C\000e\000l\000l\000N\000e\000i\000g\000h\000O\000f\000f\000s\000e\000t\000s\000.\000h\000p\000p\000\040\000F\000i\000l\000e\000\040\000R\000e\000f\000e\000r\000e\000n\000c\000e}{chapter.7}% 265
\BOOKMARK [2][-]{subsection.7.5.1}{\376\377\000D\000e\000t\000a\000i\000l\000e\000d\000\040\000D\000e\000s\000c\000r\000i\000p\000t\000i\000o\000n}{section.7.5}% 266
\BOOKMARK [1][-]{section.7.6}{\376\377\000C\000e\000l\000l\000N\000e\000i\000g\000h\000O\000f\000f\000s\000e\000t\000s\000.\000h\000p\000p}{chapter.7}% 267
\BOOKMARK [1][-]{section.7.7}{\376\377\000C\000e\000l\000l\000N\000e\000i\000g\000h\000P\000r\000o\000b\000e\000.\000h\000p\000p\000\040\000F\000i\000l\000e\000\040\000R\000e\000f\000e\000r\000e\000n\000c\000e}{chapter.7}% 268
\BOOKMARK [2][-]{subsection.7.7.1}{\376\377\000D\000e\000t\000a\000i\000l\000e\000d\000\040\000D\000e\000s\000c\000r\000i\000p\000t\000i\000o\000n}{section.7.7}% 269
\BOOKMARK [1][-]{section.7.8}{\376\377\000C\000e\000l\000l\000N\000e\000i\000g\000h\000P\000r\000o\000b\000e\000.\000h\000p\000p}{chapter.7}% 270
\BOOKMARK [1][-]{section.7.9}{\376\377\000C\000e\000l\000l\000s\000T\000o\000C\000h\000a\000n\000g\000e\000.\000h\000p\000p}{chapter.7}% 271
\BOOKMARK [1][-]{section.7.10}{\376\377\000E\000r\000r\000o\000r\000H\000a\000n\000d\000l\000i\000n\000g\000.\000h\000p\000p\000\040\000F\000i\000l\000e\000\040\000R\000e\000f\000e\000r\000e\000n\000c\000e}{chapter.7}% 272
\BOOKMARK [2][-]{subsection.7.10.1}{\376\377\000D\000e\000t\000a\000i\000l\000e\000d\000\040\000D\000e\000s\000c\000r\000i\000p\000t\000i\000o\000n}{section.7.10}% 273
\BOOKMARK [1][-]{section.7.11}{\376\377\000E\000r\000r\000o\000r\000H\000a\000n\000d\000l\000i\000n\000g\000.\000h\000p\000p}{chapter.7}% 274
\BOOKMARK [1][-]{section.7.12}{\376\377\000E\000v\000e\000n\000t\000E\000x\000e\000c\000u\000t\000o\000r\000.\000h\000p\000p\000\040\000F\000i\000l\000e\000\040\000R\000e\000f\000e\000r\000e\000n\000c\000e}{chapter.7}% 275
\BOOKMARK [2][-]{subsection.7.12.1}{\376\377\000D\000e\000t\000a\000i\000l\000e\000d\000\040\000D\000e\000s\000c\000r\000i\000p\000t\000i\000o\000n}{section.7.12}% 276
\BOOKMARK [1][-]{section.7.13}{\376\377\000E\000v\000e\000n\000t\000E\000x\000e\000c\000u\000t\000o\000r\000.\000h\000p\000p}{chapter.7}% 277
\BOOKMARK [1][-]{section.7.14}{\376\377\000E\000v\000e\000n\000t\000E\000x\000e\000c\000u\000t\000o\000r\000G\000r\000o\000u\000p\000.\000h\000p\000p\000\040\000F\000i\000l\000e\000\040\000R\000e\000f\000e\000r\000e\000n\000c\000e}{chapter.7}% 278
\BOOKMARK [2][-]{subsection.7.14.1}{\376\377\000D\000e\000t\000a\000i\000l\000e\000d\000\040\000D\000e\000s\000c\000r\000i\000p\000t\000i\000o\000n}{section.7.14}% 279
\BOOKMARK [1][-]{section.7.15}{\376\377\000E\000v\000e\000n\000t\000E\000x\000e\000c\000u\000t\000o\000r\000G\000r\000o\000u\000p\000.\000h\000p\000p}{chapter.7}% 280
\BOOKMARK [1][-]{section.7.16}{\376\377\000I\000d\000s\000O\000f\000S\000o\000l\000v\000e\000r\000s\000.\000h\000p\000p\000\040\000F\000i\000l\000e\000\040\000R\000e\000f\000e\000r\000e\000n\000c\000e}{chapter.7}% 281
\BOOKMARK [2][-]{subsection.7.16.1}{\376\377\000D\000e\000t\000a\000i\000l\000e\000d\000\040\000D\000e\000s\000c\000r\000i\000p\000t\000i\000o\000n}{section.7.16}% 282
\BOOKMARK [1][-]{section.7.17}{\376\377\000I\000d\000s\000O\000f\000S\000o\000l\000v\000e\000r\000s\000.\000h\000p\000p}{chapter.7}% 283
\BOOKMARK [1][-]{section.7.18}{\376\377\000L\000a\000t\000t\000i\000c\000e\000.\000h\000p\000p\000\040\000F\000i\000l\000e\000\040\000R\000e\000f\000e\000r\000e\000n\000c\000e}{chapter.7}% 284
\BOOKMARK [2][-]{subsection.7.18.1}{\376\377\000D\000e\000t\000a\000i\000l\000e\000d\000\040\000D\000e\000s\000c\000r\000i\000p\000t\000i\000o\000n}{section.7.18}% 285
\BOOKMARK [1][-]{section.7.19}{\376\377\000L\000a\000t\000t\000i\000c\000e\000.\000h\000p\000p}{chapter.7}% 286
\BOOKMARK [1][-]{section.7.20}{\376\377\000M\000a\000k\000e\000E\000n\000u\000m\000.\000h\000p\000p\000\040\000F\000i\000l\000e\000\040\000R\000e\000f\000e\000r\000e\000n\000c\000e}{chapter.7}% 287
\BOOKMARK [2][-]{subsection.7.20.1}{\376\377\000D\000e\000t\000a\000i\000l\000e\000d\000\040\000D\000e\000s\000c\000r\000i\000p\000t\000i\000o\000n}{section.7.20}% 288
\BOOKMARK [2][-]{subsection.7.20.2}{\376\377\000M\000a\000c\000r\000o\000\040\000D\000e\000f\000i\000n\000i\000t\000i\000o\000n\000\040\000D\000o\000c\000u\000m\000e\000n\000t\000a\000t\000i\000o\000n}{section.7.20}% 289
\BOOKMARK [3][-]{section*.212}{\376\377\000K\000M\000C\000\137\000M\000A\000K\000E\000\137\000I\000D\000\137\000E\000N\000U\000M}{subsection.7.20.2}% 290
\BOOKMARK [3][-]{section*.213}{\376\377\000K\000M\000C\000\137\000M\000A\000K\000E\000\137\000L\000A\000T\000T\000I\000C\000E\000\137\000F\000L\000O\000A\000T\000V\000A\000L\000\137\000E\000N\000U\000M}{subsection.7.20.2}% 291
\BOOKMARK [3][-]{section*.214}{\376\377\000K\000M\000C\000\137\000M\000A\000K\000E\000\137\000L\000A\000T\000T\000I\000C\000E\000\137\000I\000N\000T\000V\000A\000L\000\137\000E\000N\000U\000M}{subsection.7.20.2}% 292
\BOOKMARK [3][-]{section*.215}{\376\377\000K\000M\000C\000\137\000M\000A\000K\000E\000\137\000O\000F\000F\000S\000E\000T\000\137\000E\000N\000U\000M}{subsection.7.20.2}% 293
\BOOKMARK [1][-]{section.7.21}{\376\377\000M\000a\000k\000e\000E\000n\000u\000m\000.\000h\000p\000p}{chapter.7}% 294
\BOOKMARK [1][-]{section.7.22}{\376\377\000P\000e\000r\000i\000o\000d\000i\000c\000A\000c\000t\000i\000o\000n\000.\000h\000p\000p\000\040\000F\000i\000l\000e\000\040\000R\000e\000f\000e\000r\000e\000n\000c\000e}{chapter.7}% 295
\BOOKMARK [2][-]{subsection.7.22.1}{\376\377\000D\000e\000t\000a\000i\000l\000e\000d\000\040\000D\000e\000s\000c\000r\000i\000p\000t\000i\000o\000n}{section.7.22}% 296
\BOOKMARK [1][-]{section.7.23}{\376\377\000P\000e\000r\000i\000o\000d\000i\000c\000A\000c\000t\000i\000o\000n\000.\000h\000p\000p}{chapter.7}% 297
\BOOKMARK [1][-]{section.7.24}{\376\377\000R\000a\000n\000d\000N\000u\000m\000G\000e\000n\000.\000h\000p\000p\000\040\000F\000i\000l\000e\000\040\000R\000e\000f\000e\000r\000e\000n\000c\000e}{chapter.7}% 298
\BOOKMARK [2][-]{subsection.7.24.1}{\376\377\000D\000e\000t\000a\000i\000l\000e\000d\000\040\000D\000e\000s\000c\000r\000i\000p\000t\000i\000o\000n}{section.7.24}% 299
\BOOKMARK [1][-]{section.7.25}{\376\377\000R\000a\000n\000d\000N\000u\000m\000G\000e\000n\000.\000h\000p\000p}{chapter.7}% 300
\BOOKMARK [1][-]{section.7.26}{\376\377\000R\000a\000n\000d\000N\000u\000m\000G\000e\000n\000D\000C\000M\000T\000.\000h\000p\000p\000\040\000F\000i\000l\000e\000\040\000R\000e\000f\000e\000r\000e\000n\000c\000e}{chapter.7}% 301
\BOOKMARK [2][-]{subsection.7.26.1}{\376\377\000D\000e\000t\000a\000i\000l\000e\000d\000\040\000D\000e\000s\000c\000r\000i\000p\000t\000i\000o\000n}{section.7.26}% 302
\BOOKMARK [1][-]{section.7.27}{\376\377\000R\000a\000n\000d\000N\000u\000m\000G\000e\000n\000D\000C\000M\000T\000.\000h\000p\000p}{chapter.7}% 303
\BOOKMARK [1][-]{section.7.28}{\376\377\000R\000a\000n\000d\000N\000u\000m\000G\000e\000n\000M\000T\0001\0009\0009\0003\0007\000.\000h\000p\000p\000\040\000F\000i\000l\000e\000\040\000R\000e\000f\000e\000r\000e\000n\000c\000e}{chapter.7}% 304
\BOOKMARK [2][-]{subsection.7.28.1}{\376\377\000D\000e\000t\000a\000i\000l\000e\000d\000\040\000D\000e\000s\000c\000r\000i\000p\000t\000i\000o\000n}{section.7.28}% 305
\BOOKMARK [1][-]{section.7.29}{\376\377\000R\000a\000n\000d\000N\000u\000m\000G\000e\000n\000M\000T\0001\0009\0009\0003\0007\000.\000h\000p\000p}{chapter.7}% 306
\BOOKMARK [1][-]{section.7.30}{\376\377\000R\000a\000n\000d\000N\000u\000m\000G\000e\000n\000R\000n\000g\000S\000t\000r\000e\000a\000m\000s\000.\000h\000p\000p\000\040\000F\000i\000l\000e\000\040\000R\000e\000f\000e\000r\000e\000n\000c\000e}{chapter.7}% 307
\BOOKMARK [2][-]{subsection.7.30.1}{\376\377\000D\000e\000t\000a\000i\000l\000e\000d\000\040\000D\000e\000s\000c\000r\000i\000p\000t\000i\000o\000n}{section.7.30}% 308
\BOOKMARK [1][-]{section.7.31}{\376\377\000R\000a\000n\000d\000N\000u\000m\000G\000e\000n\000R\000n\000g\000S\000t\000r\000e\000a\000m\000s\000.\000h\000p\000p}{chapter.7}% 309
\BOOKMARK [1][-]{section.7.32}{\376\377\000S\000i\000m\000u\000l\000a\000t\000i\000o\000n\000.\000h\000p\000p\000\040\000F\000i\000l\000e\000\040\000R\000e\000f\000e\000r\000e\000n\000c\000e}{chapter.7}% 310
\BOOKMARK [2][-]{subsection.7.32.1}{\376\377\000D\000e\000t\000a\000i\000l\000e\000d\000\040\000D\000e\000s\000c\000r\000i\000p\000t\000i\000o\000n}{section.7.32}% 311
\BOOKMARK [1][-]{section.7.33}{\376\377\000S\000i\000m\000u\000l\000a\000t\000i\000o\000n\000.\000h\000p\000p}{chapter.7}% 312
\BOOKMARK [1][-]{section.7.34}{\376\377\000S\000i\000m\000u\000l\000a\000t\000i\000o\000n\000S\000t\000a\000t\000e\000.\000h\000p\000p\000\040\000F\000i\000l\000e\000\040\000R\000e\000f\000e\000r\000e\000n\000c\000e}{chapter.7}% 313
\BOOKMARK [2][-]{subsection.7.34.1}{\376\377\000D\000e\000t\000a\000i\000l\000e\000d\000\040\000D\000e\000s\000c\000r\000i\000p\000t\000i\000o\000n}{section.7.34}% 314
\BOOKMARK [1][-]{section.7.35}{\376\377\000S\000i\000m\000u\000l\000a\000t\000i\000o\000n\000S\000t\000a\000t\000e\000.\000h\000p\000p}{chapter.7}% 315
\BOOKMARK [1][-]{section.7.36}{\376\377\000T\000i\000m\000e\000I\000n\000c\000r\000S\000c\000h\000e\000m\000e\000V\000a\000r\000s\000.\000h\000p\000p\000\040\000F\000i\000l\000e\000\040\000R\000e\000f\000e\000r\000e\000n\000c\000e}{chapter.7}% 316
\BOOKMARK [2][-]{subsection.7.36.1}{\376\377\000D\000e\000t\000a\000i\000l\000e\000d\000\040\000D\000e\000s\000c\000r\000i\000p\000t\000i\000o\000n}{section.7.36}% 317
\BOOKMARK [1][-]{section.7.37}{\376\377\000T\000i\000m\000e\000I\000n\000c\000r\000S\000c\000h\000e\000m\000e\000V\000a\000r\000s\000.\000h\000p\000p}{chapter.7}% 318
\BOOKMARK [0][-]{chapter.8}{\376\377\000E\000x\000a\000m\000p\000l\000e\000s}{}% 319
\BOOKMARK [1][-]{section.8.1}{\376\377\000t\000e\000s\000t\000F\000r\000a\000c\000t\000a\000l\000/\000t\000e\000s\000t\000F\000r\000a\000c\000t\000a\000l\000.\000c\000p\000p}{chapter.8}% 320
\BOOKMARK [1][-]{section.8.2}{\376\377\000t\000e\000s\000t\000F\000r\000a\000c\000t\000a\000l\000/\000E\000v\000e\000n\000t\000s\000A\000n\000d\000A\000c\000t\000i\000o\000n\000s\000.\000h\000p\000p}{chapter.8}% 321
\BOOKMARK [1][-]{section.8.3}{\376\377\000t\000e\000s\000t\000F\000r\000a\000c\000t\000a\000l\000/\000E\000v\000e\000n\000t\000s\000A\000n\000d\000A\000c\000t\000i\000o\000n\000s\000.\000c\000p\000p}{chapter.8}% 322
\BOOKMARK [1][-]{section.8.4}{\376\377\000t\000e\000s\000t\000F\000r\000a\000c\000t\000a\000l\000\137\000s\000e\000m\000i\000\137\000m\000a\000n\000u\000a\000l\000\137\000t\000r\000a\000c\000k\000/\000t\000e\000s\000t\000F\000r\000a\000c\000t\000a\000l\000.\000c\000p\000p}{chapter.8}% 323
\BOOKMARK [1][-]{section.8.5}{\376\377\000t\000e\000s\000t\000F\000r\000a\000c\000t\000a\000l\000\137\000s\000e\000m\000i\000\137\000m\000a\000n\000u\000a\000l\000\137\000t\000r\000a\000c\000k\000/\000E\000v\000e\000n\000t\000s\000A\000n\000d\000A\000c\000t\000i\000o\000n\000s\000.\000h\000p\000p}{chapter.8}% 324
\BOOKMARK [1][-]{section.8.6}{\376\377\000t\000e\000s\000t\000F\000r\000a\000c\000t\000a\000l\000\137\000s\000e\000m\000i\000\137\000m\000a\000n\000u\000a\000l\000\137\000t\000r\000a\000c\000k\000/\000E\000v\000e\000n\000t\000s\000A\000n\000d\000A\000c\000t\000i\000o\000n\000s\000.\000c\000p\000p}{chapter.8}% 325
\BOOKMARK [1][-]{section.8.7}{\376\377\000t\000e\000s\000t\000F\000r\000a\000c\000t\000a\000l\000\137\000p\000a\000r\000a\000l\000l\000e\000l\000/\000t\000e\000s\000t\000F\000r\000a\000c\000t\000a\000l\000.\000c\000p\000p}{chapter.8}% 326
\BOOKMARK [1][-]{section.8.8}{\376\377\000t\000e\000s\000t\000B\000a\000l\000l\000i\000s\000t\000i\000c\000D\000e\000p\0001\000/\000t\000e\000s\000t\000B\000a\000l\000l\000i\000s\000t\000i\000c\000D\000e\000p\000.\000c\000p\000p}{chapter.8}% 327
\BOOKMARK [1][-]{section.8.9}{\376\377\000t\000e\000s\000t\000B\000a\000l\000l\000i\000s\000t\000i\000c\000D\000e\000p\0001\000/\000E\000v\000e\000n\000t\000s\000A\000n\000d\000A\000c\000t\000i\000o\000n\000s\000.\000h\000p\000p}{chapter.8}% 328
\BOOKMARK [1][-]{section.8.10}{\376\377\000t\000e\000s\000t\000B\000a\000l\000l\000i\000s\000t\000i\000c\000D\000e\000p\0001\000/\000E\000v\000e\000n\000t\000s\000A\000n\000d\000A\000c\000t\000i\000o\000n\000s\000.\000c\000p\000p}{chapter.8}% 329
\BOOKMARK [1][-]{section.8.11}{\376\377\000t\000e\000s\000t\000B\000a\000l\000l\000i\000s\000t\000i\000c\000D\000e\000p\0001\000/\000I\000n\000i\000t\000L\000a\000t\000t\000i\000c\000e\000.\000h\000p\000p}{chapter.8}% 330
\BOOKMARK [1][-]{section.8.12}{\376\377\000t\000e\000s\000t\000B\000a\000l\000l\000i\000s\000t\000i\000c\000D\000e\000p\0001\000/\000I\000n\000i\000t\000L\000a\000t\000t\000i\000c\000e\000.\000c\000p\000p}{chapter.8}% 331
\BOOKMARK [1][-]{section.8.13}{\376\377\000t\000e\000s\000t\000B\000a\000l\000l\000i\000s\000t\000i\000c\000D\000e\000p\0002\000/\000t\000e\000s\000t\000B\000a\000l\000l\000i\000s\000t\000i\000c\000D\000e\000p\000.\000c\000p\000p}{chapter.8}% 332
\BOOKMARK [1][-]{section.8.14}{\376\377\000t\000e\000s\000t\000B\000a\000l\000l\000i\000s\000t\000i\000c\000D\000e\000p\0002\000/\000E\000v\000e\000n\000t\000s\000A\000n\000d\000A\000c\000t\000i\000o\000n\000s\000.\000h\000p\000p}{chapter.8}% 333
\BOOKMARK [1][-]{section.8.15}{\376\377\000t\000e\000s\000t\000B\000a\000l\000l\000i\000s\000t\000i\000c\000D\000e\000p\0002\000/\000E\000v\000e\000n\000t\000s\000A\000n\000d\000A\000c\000t\000i\000o\000n\000s\000.\000c\000p\000p}{chapter.8}% 334
\BOOKMARK [1][-]{section.8.16}{\376\377\000t\000e\000s\000t\000P\000a\000t\000t\000e\000r\000n\000e\000d\000S\000u\000r\000f\000a\000c\000e\0001\000/\000t\000e\000s\000t\000P\000a\000t\000t\000e\000r\000n\000e\000d\000S\000u\000r\000f\000a\000c\000e\000.\000c\000p\000p}{chapter.8}% 335
\BOOKMARK [1][-]{section.8.17}{\376\377\000t\000e\000s\000t\000P\000a\000t\000t\000e\000r\000n\000e\000d\000S\000u\000r\000f\000a\000c\000e\0001\000/\000E\000v\000e\000n\000t\000s\000A\000n\000d\000A\000c\000t\000i\000o\000n\000s\000.\000h\000p\000p}{chapter.8}% 336
\BOOKMARK [1][-]{section.8.18}{\376\377\000t\000e\000s\000t\000P\000a\000t\000t\000e\000r\000n\000e\000d\000S\000u\000r\000f\000a\000c\000e\0001\000/\000E\000v\000e\000n\000t\000s\000A\000n\000d\000A\000c\000t\000i\000o\000n\000s\000.\000c\000p\000p}{chapter.8}% 337
\BOOKMARK [1][-]{section.8.19}{\376\377\000t\000e\000s\000t\000P\000a\000t\000t\000e\000r\000n\000e\000d\000S\000u\000r\000f\000a\000c\000e\0001\000/\000I\000n\000i\000t\000L\000a\000t\000t\000i\000c\000e\000.\000h\000p\000p}{chapter.8}% 338
\BOOKMARK [1][-]{section.8.20}{\376\377\000t\000e\000s\000t\000P\000a\000t\000t\000e\000r\000n\000e\000d\000S\000u\000r\000f\000a\000c\000e\0001\000/\000I\000n\000i\000t\000L\000a\000t\000t\000i\000c\000e\000.\000c\000p\000p}{chapter.8}% 339
\BOOKMARK [1][-]{section.8.21}{\376\377\000t\000e\000s\000t\000P\000a\000t\000t\000e\000r\000n\000e\000d\000S\000u\000r\000f\000a\000c\000e\0001\000/\000P\000h\000y\000s\000i\000c\000a\000l\000C\000o\000n\000s\000t\000a\000n\000t\000s\000.\000h\000p\000p}{chapter.8}% 340
\BOOKMARK [1][-]{section.8.22}{\376\377\000t\000e\000s\000t\000P\000a\000t\000t\000e\000r\000n\000e\000d\000S\000u\000r\000f\000a\000c\000e\0002\000/\000t\000e\000s\000t\000P\000a\000t\000t\000e\000r\000n\000e\000d\000S\000u\000r\000f\000a\000c\000e\000.\000c\000p\000p}{chapter.8}% 341
\BOOKMARK [1][-]{section.8.23}{\376\377\000t\000e\000s\000t\000P\000a\000t\000t\000e\000r\000n\000e\000d\000S\000u\000r\000f\000a\000c\000e\0002\000/\000E\000v\000e\000n\000t\000s\000A\000n\000d\000A\000c\000t\000i\000o\000n\000s\000.\000h\000p\000p}{chapter.8}% 342
\BOOKMARK [1][-]{section.8.24}{\376\377\000t\000e\000s\000t\000P\000a\000t\000t\000e\000r\000n\000e\000d\000S\000u\000r\000f\000a\000c\000e\0002\000/\000E\000v\000e\000n\000t\000s\000A\000n\000d\000A\000c\000t\000i\000o\000n\000s\000.\000c\000p\000p}{chapter.8}% 343
\BOOKMARK [0][-]{chapter*.235}{\376\377\000B\000i\000b\000l\000i\000o\000g\000r\000a\000p\000h\000y}{}% 344
\BOOKMARK [0][-]{section*.236}{\376\377\000I\000n\000d\000e\000x}{}% 345
